<?xml version="1.0" encoding="utf-8"?><testsuites name="pytest tests"><testsuite name="pytest" errors="0" failures="0" skipped="0" tests="15" time="4.737" timestamp="2026-08-27T16:27:47.406790+00:00" hostname="agent-env-70b3e388-9da1-495e-90c7-082ef9b2e3e9"><testcase classname="backend.tests.test_admin_and_home_sections.TestHomeSectionsPublicSeed" name="test_public_home_sections_returns_default_enabled" time="0.364" /><testcase classname="backend.tests.test_admin_and_home_sections.TestHomeSectionsPublicSeed" name="test_public_home_sections_are_sorted_by_order_asc" time="0.090" /><testcase classname="backend.tests.test_admin_and_home_sections.TestAdminAuthGuard" name="test_admin_manageable_requires_token" time="0.093" /><testcase classname="backend.tests.test_admin_and_home_sections.TestAdminAuthGuard" name="test_admin_home_sections_requires_token" time="0.095" /><testcase classname="backend.tests.test_admin_and_home_sections.TestAdminAuthGuard" name="test_admin_manageable_forbidden_for_fan" time="0.414" /><testcase classname="backend.tests.test_admin_and_home_sections.TestAdminAuthGuard" name="test_admin_home_sections_forbidden_for_fan" time="0.087" /><testcase classname="backend.tests.test_admin_and_home_sections.TestAdminAuthGuard" name="test_admin_manageable_ok_for_admin" time="0.416" /><testcase classname="backend.tests.test_admin_and_home_sections.TestAdminAuthGuard" name="test_admin_home_sections_returns_all_including_disabled" time="0.085" /><testcase classname="backend.tests.test_admin_and_home_sections.TestStorageBuckets" name="test_buckets_endpoint_returns_expected_buckets" time="0.551" /><testcase classname="backend.tests.test_admin_and_home_sections.TestAdminUpload" name="test_upload_to_accueil_returns_public_url_and_reachable" time="1.235" /><testcase classname="backend.tests.test_admin_and_home_sections.TestAdminUpload" name="test_upload_and_attach_to_wrestler" time="0.399" /><testcase classname="backend.tests.test_admin_and_home_sections.TestAdminUpload" name="test_upload_rejects_fan" time="0.216" /><testcase classname="backend.tests.test_admin_and_home_sections.TestHomeSectionsCMS" name="test_upsert_promotions_toggle_visibility" time="0.390" /><testcase classname="backend.tests.test_admin_and_home_sections.TestHomeSectionsCMS" name="test_invalid_section_key_rejected" time="0.088" /><testcase classname="backend.tests.test_admin_and_home_sections.TestHomeSectionsCMS" name="test_admin_home_keys_lists_seven_keys" time="0.094" /></testsuite></testsuites>