<?xml version="1.0" encoding="utf-8"?><testsuites name="pytest tests"><testsuite name="pytest" errors="0" failures="5" skipped="0" tests="18" time="2.868" timestamp="2026-07-17T21:53:35.938159+00:00" hostname="agent-env-70b3e388-9da1-495e-90c7-082ef9b2e3e9"><testcase classname="backend.tests.backend_test" name="test_public_endpoints[/]" time="0.171" /><testcase classname="backend.tests.backend_test" name="test_public_endpoints[/wrestlers]" time="0.067" /><testcase classname="backend.tests.backend_test" name="test_public_endpoints[/matches]" time="0.067" /><testcase classname="backend.tests.backend_test" name="test_public_endpoints[/championships]" time="0.068" /><testcase classname="backend.tests.backend_test" name="test_public_endpoints[/episodes]" time="0.074" /><testcase classname="backend.tests.backend_test" name="test_public_endpoints[/events]" time="0.064" /><testcase classname="backend.tests.backend_test" name="test_public_endpoints[/products]" time="0.076" /><testcase classname="backend.tests.backend_test" name="test_public_endpoints[/news]" time="0.063" /><testcase classname="backend.tests.backend_test" name="test_seed_collections_populated" time="0.439" /><testcase classname="backend.tests.backend_test" name="test_episode_detail" time="0.119"><failure message="assert 404 == 200&#10; +  where 404 = &lt;Response [404]&gt;.status_code">backend/tests/backend_test.py:56: in test_episode_detail
    assert r.status_code == 200
E   assert 404 == 200
E    +  where 404 = &lt;Response [404]&gt;.status_code</failure></testcase><testcase classname="backend.tests.backend_test" name="test_event_detail" time="0.125"><failure message="assert 404 == 200&#10; +  where 404 = &lt;Response [404]&gt;.status_code">backend/tests/backend_test.py:64: in test_event_detail
    assert r.status_code == 200
E   assert 404 == 200
E    +  where 404 = &lt;Response [404]&gt;.status_code</failure></testcase><testcase classname="backend.tests.backend_test" name="test_register_new_user" time="0.289" /><testcase classname="backend.tests.backend_test" name="test_login_fan" time="0.297" /><testcase classname="backend.tests.backend_test" name="test_auth_me" time="0.344" /><testcase classname="backend.tests.backend_test" name="test_auth_logout" time="0.063" /><testcase classname="backend.tests.backend_test" name="test_ticket_purchase_and_list" time="0.195"><failure message="AssertionError: ticket purchase: 422 {&quot;detail&quot;:[{&quot;type&quot;:&quot;string_type&quot;,&quot;loc&quot;:[&quot;body&quot;,&quot;event_id&quot;],&quot;msg&quot;:&quot;Input should be a valid string&quot;,&quot;input&quot;:null,&quot;url&quot;:&quot;https://errors.pydantic.dev/2.13/v/string_type&quot;}]}&#10;assert 422 in (200, 201)&#10; +  where 422 = &lt;Response [422]&gt;.status_code">backend/tests/backend_test.py:108: in test_ticket_purchase_and_list
    assert r.status_code in (200, 201), f"ticket purchase: {r.status_code} {r.text}"
E   AssertionError: ticket purchase: 422 {"detail":[{"type":"string_type","loc":["body","event_id"],"msg":"Input should be a valid string","input":null,"url":"https://errors.pydantic.dev/2.13/v/string_type"}]}
E   assert 422 in (200, 201)
E    +  where 422 = &lt;Response [422]&gt;.status_code</failure></testcase><testcase classname="backend.tests.backend_test" name="test_order_creation_and_list" time="0.128"><failure message="AssertionError: order: 422 {&quot;detail&quot;:[{&quot;type&quot;:&quot;missing&quot;,&quot;loc&quot;:[&quot;body&quot;,&quot;product_id&quot;],&quot;msg&quot;:&quot;Field required&quot;,&quot;input&quot;:{&quot;items&quot;:[{&quot;product_id&quot;:null,&quot;quantity&quot;:1,&quot;unit_price&quot;:34.99,&quot;size&quot;:null}],&quot;payment_nonce&quot;:&quot;cnon:test&quot;,&quot;shipping_address&quot;:&quot;123 Rue, Montreal&quot;},&quot;url&quot;:&quot;https://errors.pydantic.dev/2.13/v/missing&quot;}]}&#10;assert 422 in (200, 201)&#10; +  where 422 = &lt;Response [422]&gt;.status_code">backend/tests/backend_test.py:129: in test_order_creation_and_list
    assert r.status_code in (200, 201), f"order: {r.status_code} {r.text}"
E   AssertionError: order: 422 {"detail":[{"type":"missing","loc":["body","product_id"],"msg":"Field required","input":{"items":[{"product_id":null,"quantity":1,"unit_price":34.99,"size":null}],"payment_nonce":"cnon:test","shipping_address":"123 Rue, Montreal"},"url":"https://errors.pydantic.dev/2.13/v/missing"}]}
E   assert 422 in (200, 201)
E    +  where 422 = &lt;Response [422]&gt;.status_code</failure></testcase><testcase classname="backend.tests.backend_test" name="test_favorites_toggle" time="0.126"><failure message="AssertionError: favorite toggle: 422 {&quot;detail&quot;:[{&quot;type&quot;:&quot;string_type&quot;,&quot;loc&quot;:[&quot;body&quot;,&quot;episode_id&quot;],&quot;msg&quot;:&quot;Input should be a valid string&quot;,&quot;input&quot;:null,&quot;url&quot;:&quot;https://errors.pydantic.dev/2.13/v/string_type&quot;}]}&#10;assert 422 in (200, 201)&#10; +  where 422 = &lt;Response [422]&gt;.status_code">backend/tests/backend_test.py:142: in test_favorites_toggle
    assert r.status_code in (200, 201), f"favorite toggle: {r.status_code} {r.text}"
E   AssertionError: favorite toggle: 422 {"detail":[{"type":"string_type","loc":["body","episode_id"],"msg":"Input should be a valid string","input":null,"url":"https://errors.pydantic.dev/2.13/v/string_type"}]}
E   assert 422 in (200, 201)
E    +  where 422 = &lt;Response [422]&gt;.status_code</failure></testcase></testsuite></testsuites>